The system is: Linux - 2.6.15.2 - i686
Determining if the C compiler is GNU succeeded with the following output:
# 1 "/usr/share/cmake-2.4/Modules/CMakeTestGNU.c"
# 1 "<built-in>"
# 1 "<command line>"
# 1 "/usr/share/cmake-2.4/Modules/CMakeTestGNU.c"

void THIS_IS_GNU();

Determining if the C++ compiler is GNU succeeded with the following output:
# 1 "/usr/share/cmake-2.4/Modules/CMakeTestGNU.c"
# 1 "<built-in>"
# 1 "<command line>"
# 1 "/usr/share/cmake-2.4/Modules/CMakeTestGNU.c"

void THIS_IS_GNU();

Determining if the C compiler works passed with the following output:
/usr/bin/gmake -f CMakeFiles/cmTryCompileExec.dir/build.make CMakeFiles/cmTryCompileExec.dir/build
gmake[1]: Entering directory `/home/yarick/chatd/CMakeFiles/CMakeTmp'
/usr/bin/cmake -E cmake_progress_report /home/yarick/chatd/CMakeFiles/CMakeTmp/CMakeFiles 1
Building C object CMakeFiles/cmTryCompileExec.dir/testCCompiler.o
/usr/bin/gcc   -o CMakeFiles/cmTryCompileExec.dir/testCCompiler.o   -c /home/yarick/chatd/CMakeFiles/CMakeTmp/testCCompiler.c
Linking C executable cmTryCompileExec
/usr/bin/cmake -P CMakeFiles/cmTryCompileExec.dir/cmake_clean_target.cmake
/usr/bin/gcc        -fPIC "CMakeFiles/cmTryCompileExec.dir/testCCompiler.o"   -o cmTryCompileExec -rdynamic 
gmake[1]: Leaving directory `/home/yarick/chatd/CMakeFiles/CMakeTmp'


Determining size of void* passed with the following output:
/usr/bin/gmake -f CMakeFiles/cmTryCompileExec.dir/build.make CMakeFiles/cmTryCompileExec.dir/build
gmake[1]: Entering directory `/home/yarick/chatd/CMakeFiles/CMakeTmp'
/usr/bin/cmake -E cmake_progress_report /home/yarick/chatd/CMakeFiles/CMakeTmp/CMakeFiles 1
Building C object CMakeFiles/cmTryCompileExec.dir/CheckTypeSize.o
/usr/bin/gcc   -o CMakeFiles/cmTryCompileExec.dir/CheckTypeSize.o   -c /home/yarick/chatd/CMakeFiles/CMakeTmp/CheckTypeSize.c
Linking C executable cmTryCompileExec
/usr/bin/cmake -P CMakeFiles/cmTryCompileExec.dir/cmake_clean_target.cmake
/usr/bin/gcc        -fPIC "CMakeFiles/cmTryCompileExec.dir/CheckTypeSize.o"   -o cmTryCompileExec -rdynamic 
gmake[1]: Leaving directory `/home/yarick/chatd/CMakeFiles/CMakeTmp'


Determining if the CXX compiler works passed with the following output:
/usr/bin/gmake -f CMakeFiles/cmTryCompileExec.dir/build.make CMakeFiles/cmTryCompileExec.dir/build
gmake[1]: Entering directory `/home/yarick/chatd/CMakeFiles/CMakeTmp'
/usr/bin/cmake -E cmake_progress_report /home/yarick/chatd/CMakeFiles/CMakeTmp/CMakeFiles 1
Building CXX object CMakeFiles/cmTryCompileExec.dir/testCXXCompiler.o
/usr/bin/c++    -o CMakeFiles/cmTryCompileExec.dir/testCXXCompiler.o -c /home/yarick/chatd/CMakeFiles/CMakeTmp/testCXXCompiler.cxx
Linking CXX executable cmTryCompileExec
/usr/bin/cmake -P CMakeFiles/cmTryCompileExec.dir/cmake_clean_target.cmake
/usr/bin/c++         -fPIC "CMakeFiles/cmTryCompileExec.dir/testCXXCompiler.o"   -o cmTryCompileExec -rdynamic 
gmake[1]: Leaving directory `/home/yarick/chatd/CMakeFiles/CMakeTmp'


The system is: Linux - 2.6.15.2 - i686
Determining if the C compiler is GNU succeeded with the following output:
# 1 "/usr/share/cmake-2.4/Modules/CMakeTestGNU.c"
# 1 "<built-in>"
# 1 "<command line>"
# 1 "/usr/share/cmake-2.4/Modules/CMakeTestGNU.c"

void THIS_IS_GNU();

Determining if the C++ compiler is GNU succeeded with the following output:
# 1 "/usr/share/cmake-2.4/Modules/CMakeTestGNU.c"
# 1 "<built-in>"
# 1 "<command line>"
# 1 "/usr/share/cmake-2.4/Modules/CMakeTestGNU.c"

void THIS_IS_GNU();

Determining if the C compiler works passed with the following output:
/usr/bin/gmake -f CMakeFiles/cmTryCompileExec.dir/build.make CMakeFiles/cmTryCompileExec.dir/build
gmake[1]: Entering directory `/opt/users/dragons/chatd/CMakeFiles/CMakeTmp'
/usr/bin/cmake -E cmake_progress_report /opt/users/dragons/chatd/CMakeFiles/CMakeTmp/CMakeFiles 1
Building C object CMakeFiles/cmTryCompileExec.dir/testCCompiler.o
/usr/bin/gcc   -o CMakeFiles/cmTryCompileExec.dir/testCCompiler.o   -c /opt/users/dragons/chatd/CMakeFiles/CMakeTmp/testCCompiler.c
Linking C executable cmTryCompileExec
/usr/bin/cmake -P CMakeFiles/cmTryCompileExec.dir/cmake_clean_target.cmake
/usr/bin/gcc        -fPIC "CMakeFiles/cmTryCompileExec.dir/testCCompiler.o"   -o cmTryCompileExec -rdynamic 
gmake[1]: Leaving directory `/opt/users/dragons/chatd/CMakeFiles/CMakeTmp'


Determining size of void* passed with the following output:
/usr/bin/gmake -f CMakeFiles/cmTryCompileExec.dir/build.make CMakeFiles/cmTryCompileExec.dir/build
gmake[1]: Entering directory `/opt/users/dragons/chatd/CMakeFiles/CMakeTmp'
/usr/bin/cmake -E cmake_progress_report /opt/users/dragons/chatd/CMakeFiles/CMakeTmp/CMakeFiles 1
Building C object CMakeFiles/cmTryCompileExec.dir/CheckTypeSize.o
/usr/bin/gcc   -o CMakeFiles/cmTryCompileExec.dir/CheckTypeSize.o   -c /opt/users/dragons/chatd/CMakeFiles/CMakeTmp/CheckTypeSize.c
Linking C executable cmTryCompileExec
/usr/bin/cmake -P CMakeFiles/cmTryCompileExec.dir/cmake_clean_target.cmake
/usr/bin/gcc        -fPIC "CMakeFiles/cmTryCompileExec.dir/CheckTypeSize.o"   -o cmTryCompileExec -rdynamic 
gmake[1]: Leaving directory `/opt/users/dragons/chatd/CMakeFiles/CMakeTmp'


Determining if the CXX compiler works passed with the following output:
/usr/bin/gmake -f CMakeFiles/cmTryCompileExec.dir/build.make CMakeFiles/cmTryCompileExec.dir/build
gmake[1]: Entering directory `/opt/users/dragons/chatd/CMakeFiles/CMakeTmp'
/usr/bin/cmake -E cmake_progress_report /opt/users/dragons/chatd/CMakeFiles/CMakeTmp/CMakeFiles 1
Building CXX object CMakeFiles/cmTryCompileExec.dir/testCXXCompiler.o
/usr/bin/c++    -o CMakeFiles/cmTryCompileExec.dir/testCXXCompiler.o -c /opt/users/dragons/chatd/CMakeFiles/CMakeTmp/testCXXCompiler.cxx
Linking CXX executable cmTryCompileExec
/usr/bin/cmake -P CMakeFiles/cmTryCompileExec.dir/cmake_clean_target.cmake
/usr/bin/c++         -fPIC "CMakeFiles/cmTryCompileExec.dir/testCXXCompiler.o"   -o cmTryCompileExec -rdynamic 
gmake[1]: Leaving directory `/opt/users/dragons/chatd/CMakeFiles/CMakeTmp'


The system is: Linux - 2.6.23-gentoo-r3 - Intel(R) Pentium(R) 4 CPU 2.40GHz
Determining if the C compiler is GNU succeeded with the following output:
# 1 "/usr/share/cmake/Modules/CMakeTestGNU.c"
# 1 "<built-in>"
# 1 "<command line>"
# 1 "/usr/share/cmake/Modules/CMakeTestGNU.c"

void THIS_IS_GNU();

Determining if the C++ compiler is GNU succeeded with the following output:
# 1 "/usr/share/cmake/Modules/CMakeTestGNU.c"
# 1 "<built-in>"
# 1 "<command line>"
# 1 "/usr/share/cmake/Modules/CMakeTestGNU.c"

void THIS_IS_GNU();

Determining if the C compiler works passed with the following output:
/usr/bin/gmake -f CMakeFiles/cmTryCompileExec.dir/build.make CMakeFiles/cmTryCompileExec.dir/build
gmake[1]: Entering directory `/usr/chatd/CMakeFiles/CMakeTmp'
/usr/bin/cmake -E cmake_progress_report /usr/chatd/CMakeFiles/CMakeTmp/CMakeFiles 1
Building C object CMakeFiles/cmTryCompileExec.dir/testCCompiler.o
/usr/bin/gcc   -o CMakeFiles/cmTryCompileExec.dir/testCCompiler.o   -c /usr/chatd/CMakeFiles/CMakeTmp/testCCompiler.c
Linking C executable cmTryCompileExec
/usr/bin/cmake -P CMakeFiles/cmTryCompileExec.dir/cmake_clean_target.cmake
/usr/bin/gcc        -fPIC "CMakeFiles/cmTryCompileExec.dir/testCCompiler.o"   -o cmTryCompileExec -rdynamic 
gmake[1]: Leaving directory `/usr/chatd/CMakeFiles/CMakeTmp'


Determining size of void* passed with the following output:
/usr/bin/gmake -f CMakeFiles/cmTryCompileExec.dir/build.make CMakeFiles/cmTryCompileExec.dir/build
gmake[1]: Entering directory `/usr/chatd/CMakeFiles/CMakeTmp'
/usr/bin/cmake -E cmake_progress_report /usr/chatd/CMakeFiles/CMakeTmp/CMakeFiles 1
Building C object CMakeFiles/cmTryCompileExec.dir/CheckTypeSize.o
/usr/bin/gcc   -o CMakeFiles/cmTryCompileExec.dir/CheckTypeSize.o   -c /usr/chatd/CMakeFiles/CMakeTmp/CheckTypeSize.c
Linking C executable cmTryCompileExec
/usr/bin/cmake -P CMakeFiles/cmTryCompileExec.dir/cmake_clean_target.cmake
/usr/bin/gcc        -fPIC "CMakeFiles/cmTryCompileExec.dir/CheckTypeSize.o"   -o cmTryCompileExec -rdynamic 
gmake[1]: Leaving directory `/usr/chatd/CMakeFiles/CMakeTmp'


Determining if the CXX compiler works passed with the following output:
/usr/bin/gmake -f CMakeFiles/cmTryCompileExec.dir/build.make CMakeFiles/cmTryCompileExec.dir/build
gmake[1]: Entering directory `/usr/chatd/CMakeFiles/CMakeTmp'
/usr/bin/cmake -E cmake_progress_report /usr/chatd/CMakeFiles/CMakeTmp/CMakeFiles 1
Building CXX object CMakeFiles/cmTryCompileExec.dir/testCXXCompiler.o
/usr/bin/c++    -o CMakeFiles/cmTryCompileExec.dir/testCXXCompiler.o -c /usr/chatd/CMakeFiles/CMakeTmp/testCXXCompiler.cxx
Linking CXX executable cmTryCompileExec
/usr/bin/cmake -P CMakeFiles/cmTryCompileExec.dir/cmake_clean_target.cmake
/usr/bin/c++         -fPIC "CMakeFiles/cmTryCompileExec.dir/testCXXCompiler.o"   -o cmTryCompileExec -rdynamic 
gmake[1]: Leaving directory `/usr/chatd/CMakeFiles/CMakeTmp'


The system is: Linux - 2.6.23-gentoo-r3 - Intel(R) Pentium(R) 4 CPU 2.40GHz
Determining if the C compiler is GNU succeeded with the following output:
# 1 "/usr/share/cmake/Modules/CMakeTestGNU.c"
# 1 "<built-in>"
# 1 "<command line>"
# 1 "/usr/share/cmake/Modules/CMakeTestGNU.c"

void THIS_IS_GNU();

Determining if the C++ compiler is GNU succeeded with the following output:
# 1 "/usr/share/cmake/Modules/CMakeTestGNU.c"
# 1 "<built-in>"
# 1 "<command line>"
# 1 "/usr/share/cmake/Modules/CMakeTestGNU.c"

void THIS_IS_GNU();

Determining if the C compiler works passed with the following output:
/usr/bin/gmake -f CMakeFiles/cmTryCompileExec.dir/build.make CMakeFiles/cmTryCompileExec.dir/build
gmake[1]: Entering directory `/usr/chatd/CMakeFiles/CMakeTmp'
/usr/bin/cmake -E cmake_progress_report /usr/chatd/CMakeFiles/CMakeTmp/CMakeFiles 1
Building C object CMakeFiles/cmTryCompileExec.dir/testCCompiler.o
/usr/bin/gcc   -o CMakeFiles/cmTryCompileExec.dir/testCCompiler.o   -c /usr/chatd/CMakeFiles/CMakeTmp/testCCompiler.c
Linking C executable cmTryCompileExec
/usr/bin/cmake -P CMakeFiles/cmTryCompileExec.dir/cmake_clean_target.cmake
/usr/bin/gcc        -fPIC "CMakeFiles/cmTryCompileExec.dir/testCCompiler.o"   -o cmTryCompileExec -rdynamic 
gmake[1]: Leaving directory `/usr/chatd/CMakeFiles/CMakeTmp'


Determining size of void* passed with the following output:
/usr/bin/gmake -f CMakeFiles/cmTryCompileExec.dir/build.make CMakeFiles/cmTryCompileExec.dir/build
gmake[1]: Entering directory `/usr/chatd/CMakeFiles/CMakeTmp'
/usr/bin/cmake -E cmake_progress_report /usr/chatd/CMakeFiles/CMakeTmp/CMakeFiles 1
Building C object CMakeFiles/cmTryCompileExec.dir/CheckTypeSize.o
/usr/bin/gcc   -o CMakeFiles/cmTryCompileExec.dir/CheckTypeSize.o   -c /usr/chatd/CMakeFiles/CMakeTmp/CheckTypeSize.c
Linking C executable cmTryCompileExec
/usr/bin/cmake -P CMakeFiles/cmTryCompileExec.dir/cmake_clean_target.cmake
/usr/bin/gcc        -fPIC "CMakeFiles/cmTryCompileExec.dir/CheckTypeSize.o"   -o cmTryCompileExec -rdynamic 
gmake[1]: Leaving directory `/usr/chatd/CMakeFiles/CMakeTmp'


Determining if the CXX compiler works passed with the following output:
/usr/bin/gmake -f CMakeFiles/cmTryCompileExec.dir/build.make CMakeFiles/cmTryCompileExec.dir/build
gmake[1]: Entering directory `/usr/chatd/CMakeFiles/CMakeTmp'
/usr/bin/cmake -E cmake_progress_report /usr/chatd/CMakeFiles/CMakeTmp/CMakeFiles 1
Building CXX object CMakeFiles/cmTryCompileExec.dir/testCXXCompiler.o
/usr/bin/c++    -o CMakeFiles/cmTryCompileExec.dir/testCXXCompiler.o -c /usr/chatd/CMakeFiles/CMakeTmp/testCXXCompiler.cxx
Linking CXX executable cmTryCompileExec
/usr/bin/cmake -P CMakeFiles/cmTryCompileExec.dir/cmake_clean_target.cmake
/usr/bin/c++         -fPIC "CMakeFiles/cmTryCompileExec.dir/testCXXCompiler.o"   -o cmTryCompileExec -rdynamic 
gmake[1]: Leaving directory `/usr/chatd/CMakeFiles/CMakeTmp'


Compiling the C compiler identification source file "CMakeCCompilerId.c" succeeded.
Compiler: /usr/bin/gcc 
Build flags: ;
Id flags: 

The output was:
0


Compilation of the C compiler identification source "CMakeCCompilerId.c" produced "a.out"

The C compiler identification is GNU, found in "/usr/chatd/CMakeFiles/CompilerIdC/a.out"

Compiling the CXX compiler identification source file "CMakeCXXCompilerId.cpp" succeeded.
Compiler: /usr/bin/c++ 
Build flags: ;
Id flags: 

The output was:
0
CMakeCXXCompilerId.cpp:76:58: warning: deprecated conversion from string constant to ‘char*’
CMakeCXXCompilerId.cpp:189:58: warning: deprecated conversion from string constant to ‘char*’
CMakeCXXCompilerId.cpp:190:54: warning: deprecated conversion from string constant to ‘char*’


Compilation of the CXX compiler identification source "CMakeCXXCompilerId.cpp" produced "a.out"

The CXX compiler identification is GNU, found in "/usr/chatd/CMakeFiles/CompilerIdCXX/a.out"

Detecting C compiler ABI info compiled with the following output:
Change Dir: /usr/chatd/CMakeFiles/CMakeTmp

Run Build Command:/usr/bin/gmake "cmTryCompileExec/fast"
gmake[1]: Entering directory `/usr/chatd/CMakeFiles/CMakeTmp'
/usr/bin/gmake -f CMakeFiles/cmTryCompileExec.dir/build.make CMakeFiles/cmTryCompileExec.dir/build
gmake[2]: Entering directory `/usr/chatd/CMakeFiles/CMakeTmp'
/usr/bin/cmake -E cmake_progress_report /usr/chatd/CMakeFiles/CMakeTmp/CMakeFiles 1
Building C object CMakeFiles/cmTryCompileExec.dir/CMakeCCompilerABI.c.o
/usr/bin/gcc    -o CMakeFiles/cmTryCompileExec.dir/CMakeCCompilerABI.c.o   -c /usr/share/cmake/Modules/CMakeCCompilerABI.c
Linking C executable cmTryCompileExec
/usr/bin/cmake -E cmake_link_script CMakeFiles/cmTryCompileExec.dir/link.txt --verbose=1
/usr/bin/gcc        -v CMakeFiles/cmTryCompileExec.dir/CMakeCCompilerABI.c.o  -o cmTryCompileExec -rdynamic  
Using built-in specs.
COLLECT_GCC=/usr/bin/gcc
COLLECT_LTO_WRAPPER=/usr/lib/gcc/i586-suse-linux/4.5/lto-wrapper
Target: i586-suse-linux
Configured with: ../configure --prefix=/usr --infodir=/usr/share/info --mandir=/usr/share/man --libdir=/usr/lib --libexecdir=/usr/lib --enable-languages=c,c++,objc,fortran,obj-c++,java,ada --enable-checking=release --with-gxx-include-dir=/usr/include/c++/4.5 --enable-ssp --disable-libssp --disable-plugin --with-bugurl=http://bugs.opensuse.org/ --with-pkgversion='SUSE Linux' --disable-libgcj --disable-libmudflap --with-slibdir=/lib --with-system-zlib --enable-__cxa_atexit --enable-libstdcxx-allocator=new --disable-libstdcxx-pch --enable-version-specific-runtime-libs --program-suffix=-4.5 --enable-linux-futex --without-system-libunwind --enable-gold --with-plugin-ld=/usr/bin/gold --with-arch-32=i586 --with-tune=generic --build=i586-suse-linux
Thread model: posix
gcc version 4.5.0 20100604 [gcc-4_5-branch revision 160292] (SUSE Linux) 
COMPILER_PATH=/usr/lib/gcc/i586-suse-linux/4.5/:/usr/lib/gcc/i586-suse-linux/4.5/:/usr/lib/gcc/i586-suse-linux/:/usr/lib/gcc/i586-suse-linux/4.5/:/usr/lib/gcc/i586-suse-linux/:/usr/lib/gcc/i586-suse-linux/4.5/../../../../i586-suse-linux/bin/
LIBRARY_PATH=/usr/lib/gcc/i586-suse-linux/4.5/:/usr/lib/gcc/i586-suse-linux/4.5/../../../../i586-suse-linux/lib/:/usr/lib/gcc/i586-suse-linux/4.5/../../../:/lib/:/usr/lib/
COLLECT_GCC_OPTIONS='-v' '-o' 'cmTryCompileExec' '-rdynamic' '-mtune=generic' '-march=i586'
 /usr/lib/gcc/i586-suse-linux/4.5/collect2 --build-id --eh-frame-hdr -m elf_i386 -export-dynamic -dynamic-linker /lib/ld-linux.so.2 -o cmTryCompileExec /usr/lib/gcc/i586-suse-linux/4.5/../../../crt1.o /usr/lib/gcc/i586-suse-linux/4.5/../../../crti.o /usr/lib/gcc/i586-suse-linux/4.5/crtbegin.o -L/usr/lib/gcc/i586-suse-linux/4.5 -L/usr/lib/gcc/i586-suse-linux/4.5/../../../../i586-suse-linux/lib -L/usr/lib/gcc/i586-suse-linux/4.5/../../.. CMakeFiles/cmTryCompileExec.dir/CMakeCCompilerABI.c.o -lgcc --as-needed -lgcc_s --no-as-needed -lc -lgcc --as-needed -lgcc_s --no-as-needed /usr/lib/gcc/i586-suse-linux/4.5/crtend.o /usr/lib/gcc/i586-suse-linux/4.5/../../../crtn.o
gmake[2]: Leaving directory `/usr/chatd/CMakeFiles/CMakeTmp'
gmake[1]: Leaving directory `/usr/chatd/CMakeFiles/CMakeTmp'


Parsed C implicit link information from above output:
  link line regex: [^( *|.*[/\])(ld|ld|collect2)[^/\]*( |$)]
  ignore line: [Change Dir: /usr/chatd/CMakeFiles/CMakeTmp]
  ignore line: []
  ignore line: [Run Build Command:/usr/bin/gmake "cmTryCompileExec/fast"]
  ignore line: [gmake[1]: Entering directory `/usr/chatd/CMakeFiles/CMakeTmp']
  ignore line: [/usr/bin/gmake -f CMakeFiles/cmTryCompileExec.dir/build.make CMakeFiles/cmTryCompileExec.dir/build]
  ignore line: [gmake[2]: Entering directory `/usr/chatd/CMakeFiles/CMakeTmp']
  ignore line: [/usr/bin/cmake -E cmake_progress_report /usr/chatd/CMakeFiles/CMakeTmp/CMakeFiles 1]
  ignore line: [Building C object CMakeFiles/cmTryCompileExec.dir/CMakeCCompilerABI.c.o]
  ignore line: [/usr/bin/gcc    -o CMakeFiles/cmTryCompileExec.dir/CMakeCCompilerABI.c.o   -c /usr/share/cmake/Modules/CMakeCCompilerABI.c]
  ignore line: [Linking C executable cmTryCompileExec]
  ignore line: [/usr/bin/cmake -E cmake_link_script CMakeFiles/cmTryCompileExec.dir/link.txt --verbose=1]
  ignore line: [/usr/bin/gcc        -v CMakeFiles/cmTryCompileExec.dir/CMakeCCompilerABI.c.o  -o cmTryCompileExec -rdynamic  ]
  ignore line: [Using built-in specs.]
  ignore line: [COLLECT_GCC=/usr/bin/gcc]
  ignore line: [COLLECT_LTO_WRAPPER=/usr/lib/gcc/i586-suse-linux/4.5/lto-wrapper]
  ignore line: [Target: i586-suse-linux]
  ignore line: [Configured with: ../configure --prefix=/usr --infodir=/usr/share/info --mandir=/usr/share/man --libdir=/usr/lib --libexecdir=/usr/lib --enable-languages=c,c++,objc,fortran,obj-c++,java,ada --enable-checking=release --with-gxx-include-dir=/usr/include/c++/4.5 --enable-ssp --disable-libssp --disable-plugin --with-bugurl=http://bugs.opensuse.org/ --with-pkgversion='SUSE Linux' --disable-libgcj --disable-libmudflap --with-slibdir=/lib --with-system-zlib --enable-__cxa_atexit --enable-libstdcxx-allocator=new --disable-libstdcxx-pch --enable-version-specific-runtime-libs --program-suffix=-4.5 --enable-linux-futex --without-system-libunwind --enable-gold --with-plugin-ld=/usr/bin/gold --with-arch-32=i586 --with-tune=generic --build=i586-suse-linux]
  ignore line: [Thread model: posix]
  ignore line: [gcc version 4.5.0 20100604 [gcc-4_5-branch revision 160292] (SUSE Linux) ]
  ignore line: [COMPILER_PATH=/usr/lib/gcc/i586-suse-linux/4.5/:/usr/lib/gcc/i586-suse-linux/4.5/:/usr/lib/gcc/i586-suse-linux/:/usr/lib/gcc/i586-suse-linux/4.5/:/usr/lib/gcc/i586-suse-linux/:/usr/lib/gcc/i586-suse-linux/4.5/../../../../i586-suse-linux/bin/]
  ignore line: [LIBRARY_PATH=/usr/lib/gcc/i586-suse-linux/4.5/:/usr/lib/gcc/i586-suse-linux/4.5/../../../../i586-suse-linux/lib/:/usr/lib/gcc/i586-suse-linux/4.5/../../../:/lib/:/usr/lib/]
  ignore line: [COLLECT_GCC_OPTIONS='-v' '-o' 'cmTryCompileExec' '-rdynamic' '-mtune=generic' '-march=i586']
  link line: [ /usr/lib/gcc/i586-suse-linux/4.5/collect2 --build-id --eh-frame-hdr -m elf_i386 -export-dynamic -dynamic-linker /lib/ld-linux.so.2 -o cmTryCompileExec /usr/lib/gcc/i586-suse-linux/4.5/../../../crt1.o /usr/lib/gcc/i586-suse-linux/4.5/../../../crti.o /usr/lib/gcc/i586-suse-linux/4.5/crtbegin.o -L/usr/lib/gcc/i586-suse-linux/4.5 -L/usr/lib/gcc/i586-suse-linux/4.5/../../../../i586-suse-linux/lib -L/usr/lib/gcc/i586-suse-linux/4.5/../../.. CMakeFiles/cmTryCompileExec.dir/CMakeCCompilerABI.c.o -lgcc --as-needed -lgcc_s --no-as-needed -lc -lgcc --as-needed -lgcc_s --no-as-needed /usr/lib/gcc/i586-suse-linux/4.5/crtend.o /usr/lib/gcc/i586-suse-linux/4.5/../../../crtn.o]
    arg [/usr/lib/gcc/i586-suse-linux/4.5/collect2] ==> ignore
    arg [--build-id] ==> ignore
    arg [--eh-frame-hdr] ==> ignore
    arg [-m] ==> ignore
    arg [elf_i386] ==> ignore
    arg [-export-dynamic] ==> ignore
    arg [-dynamic-linker] ==> ignore
    arg [/lib/ld-linux.so.2] ==> ignore
    arg [-o] ==> ignore
    arg [cmTryCompileExec] ==> ignore
    arg [/usr/lib/gcc/i586-suse-linux/4.5/../../../crt1.o] ==> ignore
    arg [/usr/lib/gcc/i586-suse-linux/4.5/../../../crti.o] ==> ignore
    arg [/usr/lib/gcc/i586-suse-linux/4.5/crtbegin.o] ==> ignore
    arg [-L/usr/lib/gcc/i586-suse-linux/4.5] ==> dir [/usr/lib/gcc/i586-suse-linux/4.5]
    arg [-L/usr/lib/gcc/i586-suse-linux/4.5/../../../../i586-suse-linux/lib] ==> dir [/usr/lib/gcc/i586-suse-linux/4.5/../../../../i586-suse-linux/lib]
    arg [-L/usr/lib/gcc/i586-suse-linux/4.5/../../..] ==> dir [/usr/lib/gcc/i586-suse-linux/4.5/../../..]
    arg [CMakeFiles/cmTryCompileExec.dir/CMakeCCompilerABI.c.o] ==> ignore
    arg [-lgcc] ==> lib [gcc]
    arg [--as-needed] ==> ignore
    arg [-lgcc_s] ==> lib [gcc_s]
    arg [--no-as-needed] ==> ignore
    arg [-lc] ==> lib [c]
    arg [-lgcc] ==> lib [gcc]
    arg [--as-needed] ==> ignore
    arg [-lgcc_s] ==> lib [gcc_s]
    arg [--no-as-needed] ==> ignore
    arg [/usr/lib/gcc/i586-suse-linux/4.5/crtend.o] ==> ignore
    arg [/usr/lib/gcc/i586-suse-linux/4.5/../../../crtn.o] ==> ignore
  remove lib [gcc]
  remove lib [gcc_s]
  remove lib [gcc]
  remove lib [gcc_s]
  collapse dir [/usr/lib/gcc/i586-suse-linux/4.5] ==> [/usr/lib/gcc/i586-suse-linux/4.5]
  collapse dir [/usr/lib/gcc/i586-suse-linux/4.5/../../../../i586-suse-linux/lib] ==> [/usr/i586-suse-linux/lib]
  collapse dir [/usr/lib/gcc/i586-suse-linux/4.5/../../..] ==> [/usr/lib]
  implicit libs: [c]
  implicit dirs: [/usr/lib/gcc/i586-suse-linux/4.5;/usr/i586-suse-linux/lib;/usr/lib]


Detecting CXX compiler ABI info compiled with the following output:
Change Dir: /usr/chatd/CMakeFiles/CMakeTmp

Run Build Command:/usr/bin/gmake "cmTryCompileExec/fast"
gmake[1]: Entering directory `/usr/chatd/CMakeFiles/CMakeTmp'
/usr/bin/gmake -f CMakeFiles/cmTryCompileExec.dir/build.make CMakeFiles/cmTryCompileExec.dir/build
gmake[2]: Entering directory `/usr/chatd/CMakeFiles/CMakeTmp'
/usr/bin/cmake -E cmake_progress_report /usr/chatd/CMakeFiles/CMakeTmp/CMakeFiles 1
Building CXX object CMakeFiles/cmTryCompileExec.dir/CMakeCXXCompilerABI.cpp.o
/usr/bin/c++     -o CMakeFiles/cmTryCompileExec.dir/CMakeCXXCompilerABI.cpp.o -c /usr/share/cmake/Modules/CMakeCXXCompilerABI.cpp
Linking CXX executable cmTryCompileExec
/usr/bin/cmake -E cmake_link_script CMakeFiles/cmTryCompileExec.dir/link.txt --verbose=1
/usr/bin/c++         -v CMakeFiles/cmTryCompileExec.dir/CMakeCXXCompilerABI.cpp.o  -o cmTryCompileExec -rdynamic  
Using built-in specs.
COLLECT_GCC=/usr/bin/c++
COLLECT_LTO_WRAPPER=/usr/lib/gcc/i586-suse-linux/4.5/lto-wrapper
Target: i586-suse-linux
Configured with: ../configure --prefix=/usr --infodir=/usr/share/info --mandir=/usr/share/man --libdir=/usr/lib --libexecdir=/usr/lib --enable-languages=c,c++,objc,fortran,obj-c++,java,ada --enable-checking=release --with-gxx-include-dir=/usr/include/c++/4.5 --enable-ssp --disable-libssp --disable-plugin --with-bugurl=http://bugs.opensuse.org/ --with-pkgversion='SUSE Linux' --disable-libgcj --disable-libmudflap --with-slibdir=/lib --with-system-zlib --enable-__cxa_atexit --enable-libstdcxx-allocator=new --disable-libstdcxx-pch --enable-version-specific-runtime-libs --program-suffix=-4.5 --enable-linux-futex --without-system-libunwind --enable-gold --with-plugin-ld=/usr/bin/gold --with-arch-32=i586 --with-tune=generic --build=i586-suse-linux
Thread model: posix
gcc version 4.5.0 20100604 [gcc-4_5-branch revision 160292] (SUSE Linux) 
COMPILER_PATH=/usr/lib/gcc/i586-suse-linux/4.5/:/usr/lib/gcc/i586-suse-linux/4.5/:/usr/lib/gcc/i586-suse-linux/:/usr/lib/gcc/i586-suse-linux/4.5/:/usr/lib/gcc/i586-suse-linux/:/usr/lib/gcc/i586-suse-linux/4.5/../../../../i586-suse-linux/bin/
LIBRARY_PATH=/usr/lib/gcc/i586-suse-linux/4.5/:/usr/lib/gcc/i586-suse-linux/4.5/../../../../i586-suse-linux/lib/:/usr/lib/gcc/i586-suse-linux/4.5/../../../:/lib/:/usr/lib/
COLLECT_GCC_OPTIONS='-v' '-o' 'cmTryCompileExec' '-rdynamic' '-shared-libgcc' '-mtune=generic' '-march=i586'
 /usr/lib/gcc/i586-suse-linux/4.5/collect2 --build-id --eh-frame-hdr -m elf_i386 -export-dynamic -dynamic-linker /lib/ld-linux.so.2 -o cmTryCompileExec /usr/lib/gcc/i586-suse-linux/4.5/../../../crt1.o /usr/lib/gcc/i586-suse-linux/4.5/../../../crti.o /usr/lib/gcc/i586-suse-linux/4.5/crtbegin.o -L/usr/lib/gcc/i586-suse-linux/4.5 -L/usr/lib/gcc/i586-suse-linux/4.5/../../../../i586-suse-linux/lib -L/usr/lib/gcc/i586-suse-linux/4.5/../../.. CMakeFiles/cmTryCompileExec.dir/CMakeCXXCompilerABI.cpp.o -lstdc++ -lm -lgcc_s -lgcc -lc -lgcc_s -lgcc /usr/lib/gcc/i586-suse-linux/4.5/crtend.o /usr/lib/gcc/i586-suse-linux/4.5/../../../crtn.o
gmake[2]: Leaving directory `/usr/chatd/CMakeFiles/CMakeTmp'
gmake[1]: Leaving directory `/usr/chatd/CMakeFiles/CMakeTmp'


Parsed CXX implicit link information from above output:
  link line regex: [^( *|.*[/\])(ld|ld|collect2)[^/\]*( |$)]
  ignore line: [Change Dir: /usr/chatd/CMakeFiles/CMakeTmp]
  ignore line: []
  ignore line: [Run Build Command:/usr/bin/gmake "cmTryCompileExec/fast"]
  ignore line: [gmake[1]: Entering directory `/usr/chatd/CMakeFiles/CMakeTmp']
  ignore line: [/usr/bin/gmake -f CMakeFiles/cmTryCompileExec.dir/build.make CMakeFiles/cmTryCompileExec.dir/build]
  ignore line: [gmake[2]: Entering directory `/usr/chatd/CMakeFiles/CMakeTmp']
  ignore line: [/usr/bin/cmake -E cmake_progress_report /usr/chatd/CMakeFiles/CMakeTmp/CMakeFiles 1]
  ignore line: [Building CXX object CMakeFiles/cmTryCompileExec.dir/CMakeCXXCompilerABI.cpp.o]
  ignore line: [/usr/bin/c++     -o CMakeFiles/cmTryCompileExec.dir/CMakeCXXCompilerABI.cpp.o -c /usr/share/cmake/Modules/CMakeCXXCompilerABI.cpp]
  ignore line: [Linking CXX executable cmTryCompileExec]
  ignore line: [/usr/bin/cmake -E cmake_link_script CMakeFiles/cmTryCompileExec.dir/link.txt --verbose=1]
  ignore line: [/usr/bin/c++         -v CMakeFiles/cmTryCompileExec.dir/CMakeCXXCompilerABI.cpp.o  -o cmTryCompileExec -rdynamic  ]
  ignore line: [Using built-in specs.]
  ignore line: [COLLECT_GCC=/usr/bin/c++]
  ignore line: [COLLECT_LTO_WRAPPER=/usr/lib/gcc/i586-suse-linux/4.5/lto-wrapper]
  ignore line: [Target: i586-suse-linux]
  ignore line: [Configured with: ../configure --prefix=/usr --infodir=/usr/share/info --mandir=/usr/share/man --libdir=/usr/lib --libexecdir=/usr/lib --enable-languages=c,c++,objc,fortran,obj-c++,java,ada --enable-checking=release --with-gxx-include-dir=/usr/include/c++/4.5 --enable-ssp --disable-libssp --disable-plugin --with-bugurl=http://bugs.opensuse.org/ --with-pkgversion='SUSE Linux' --disable-libgcj --disable-libmudflap --with-slibdir=/lib --with-system-zlib --enable-__cxa_atexit --enable-libstdcxx-allocator=new --disable-libstdcxx-pch --enable-version-specific-runtime-libs --program-suffix=-4.5 --enable-linux-futex --without-system-libunwind --enable-gold --with-plugin-ld=/usr/bin/gold --with-arch-32=i586 --with-tune=generic --build=i586-suse-linux]
  ignore line: [Thread model: posix]
  ignore line: [gcc version 4.5.0 20100604 [gcc-4_5-branch revision 160292] (SUSE Linux) ]
  ignore line: [COMPILER_PATH=/usr/lib/gcc/i586-suse-linux/4.5/:/usr/lib/gcc/i586-suse-linux/4.5/:/usr/lib/gcc/i586-suse-linux/:/usr/lib/gcc/i586-suse-linux/4.5/:/usr/lib/gcc/i586-suse-linux/:/usr/lib/gcc/i586-suse-linux/4.5/../../../../i586-suse-linux/bin/]
  ignore line: [LIBRARY_PATH=/usr/lib/gcc/i586-suse-linux/4.5/:/usr/lib/gcc/i586-suse-linux/4.5/../../../../i586-suse-linux/lib/:/usr/lib/gcc/i586-suse-linux/4.5/../../../:/lib/:/usr/lib/]
  ignore line: [COLLECT_GCC_OPTIONS='-v' '-o' 'cmTryCompileExec' '-rdynamic' '-shared-libgcc' '-mtune=generic' '-march=i586']
  link line: [ /usr/lib/gcc/i586-suse-linux/4.5/collect2 --build-id --eh-frame-hdr -m elf_i386 -export-dynamic -dynamic-linker /lib/ld-linux.so.2 -o cmTryCompileExec /usr/lib/gcc/i586-suse-linux/4.5/../../../crt1.o /usr/lib/gcc/i586-suse-linux/4.5/../../../crti.o /usr/lib/gcc/i586-suse-linux/4.5/crtbegin.o -L/usr/lib/gcc/i586-suse-linux/4.5 -L/usr/lib/gcc/i586-suse-linux/4.5/../../../../i586-suse-linux/lib -L/usr/lib/gcc/i586-suse-linux/4.5/../../.. CMakeFiles/cmTryCompileExec.dir/CMakeCXXCompilerABI.cpp.o -lstdc++ -lm -lgcc_s -lgcc -lc -lgcc_s -lgcc /usr/lib/gcc/i586-suse-linux/4.5/crtend.o /usr/lib/gcc/i586-suse-linux/4.5/../../../crtn.o]
    arg [/usr/lib/gcc/i586-suse-linux/4.5/collect2] ==> ignore
    arg [--build-id] ==> ignore
    arg [--eh-frame-hdr] ==> ignore
    arg [-m] ==> ignore
    arg [elf_i386] ==> ignore
    arg [-export-dynamic] ==> ignore
    arg [-dynamic-linker] ==> ignore
    arg [/lib/ld-linux.so.2] ==> ignore
    arg [-o] ==> ignore
    arg [cmTryCompileExec] ==> ignore
    arg [/usr/lib/gcc/i586-suse-linux/4.5/../../../crt1.o] ==> ignore
    arg [/usr/lib/gcc/i586-suse-linux/4.5/../../../crti.o] ==> ignore
    arg [/usr/lib/gcc/i586-suse-linux/4.5/crtbegin.o] ==> ignore
    arg [-L/usr/lib/gcc/i586-suse-linux/4.5] ==> dir [/usr/lib/gcc/i586-suse-linux/4.5]
    arg [-L/usr/lib/gcc/i586-suse-linux/4.5/../../../../i586-suse-linux/lib] ==> dir [/usr/lib/gcc/i586-suse-linux/4.5/../../../../i586-suse-linux/lib]
    arg [-L/usr/lib/gcc/i586-suse-linux/4.5/../../..] ==> dir [/usr/lib/gcc/i586-suse-linux/4.5/../../..]
    arg [CMakeFiles/cmTryCompileExec.dir/CMakeCXXCompilerABI.cpp.o] ==> ignore
    arg [-lstdc++] ==> lib [stdc++]
    arg [-lm] ==> lib [m]
    arg [-lgcc_s] ==> lib [gcc_s]
    arg [-lgcc] ==> lib [gcc]
    arg [-lc] ==> lib [c]
    arg [-lgcc_s] ==> lib [gcc_s]
    arg [-lgcc] ==> lib [gcc]
    arg [/usr/lib/gcc/i586-suse-linux/4.5/crtend.o] ==> ignore
    arg [/usr/lib/gcc/i586-suse-linux/4.5/../../../crtn.o] ==> ignore
  remove lib [gcc_s]
  remove lib [gcc]
  remove lib [gcc_s]
  remove lib [gcc]
  collapse dir [/usr/lib/gcc/i586-suse-linux/4.5] ==> [/usr/lib/gcc/i586-suse-linux/4.5]
  collapse dir [/usr/lib/gcc/i586-suse-linux/4.5/../../../../i586-suse-linux/lib] ==> [/usr/i586-suse-linux/lib]
  collapse dir [/usr/lib/gcc/i586-suse-linux/4.5/../../..] ==> [/usr/lib]
  implicit libs: [stdc++;m;c]
  implicit dirs: [/usr/lib/gcc/i586-suse-linux/4.5;/usr/i586-suse-linux/lib;/usr/lib]


Compiling the C compiler identification source file "CMakeCCompilerId.c" succeeded.
Compiler: /usr/bin/gcc 
Build flags: ;
Id flags: 

The output was:
0


Compilation of the C compiler identification source "CMakeCCompilerId.c" produced "a.out"

The C compiler identification is GNU, found in "/opt/demons/chatd/CMakeFiles/CompilerIdC/a.out"

The system is: Linux - 2.6.32-573.7.1.el6.i686 - i686
Compiling the C compiler identification source file "CMakeCCompilerId.c" succeeded.
Compiler: /usr/bin/gcc 
Build flags: ;
Id flags: 

The output was:
0


Compilation of the C compiler identification source "CMakeCCompilerId.c" produced "a.out"

The C compiler identification is GNU, found in "/opt/demons/chatd/CMakeFiles/2.8.12.2/CompilerIdC/a.out"

Compiling the CXX compiler identification source file "CMakeCXXCompilerId.cpp" succeeded.
Compiler: /usr/bin/c++ 
Build flags: ;
Id flags: 

The output was:
0


Compilation of the CXX compiler identification source "CMakeCXXCompilerId.cpp" produced "a.out"

The CXX compiler identification is GNU, found in "/opt/demons/chatd/CMakeFiles/2.8.12.2/CompilerIdCXX/a.out"

Detecting C compiler ABI info compiled with the following output:
Change Dir: /opt/demons/chatd/CMakeFiles/CMakeTmp

Run Build Command:/usr/bin/gmake "cmTryCompileExec2760597363/fast"
gmake[1]: Entering directory `/opt/demons/chatd/CMakeFiles/CMakeTmp'
/usr/bin/gmake -f CMakeFiles/cmTryCompileExec2760597363.dir/build.make CMakeFiles/cmTryCompileExec2760597363.dir/build
gmake[2]: Entering directory `/opt/demons/chatd/CMakeFiles/CMakeTmp'
/usr/bin/cmake -E cmake_progress_report /opt/demons/chatd/CMakeFiles/CMakeTmp/CMakeFiles 1
Building C object CMakeFiles/cmTryCompileExec2760597363.dir/CMakeCCompilerABI.c.o
/usr/bin/gcc    -o CMakeFiles/cmTryCompileExec2760597363.dir/CMakeCCompilerABI.c.o   -c /usr/share/cmake/Modules/CMakeCCompilerABI.c
Linking C executable cmTryCompileExec2760597363
/usr/bin/cmake -E cmake_link_script CMakeFiles/cmTryCompileExec2760597363.dir/link.txt --verbose=1
/usr/bin/gcc      -v CMakeFiles/cmTryCompileExec2760597363.dir/CMakeCCompilerABI.c.o  -o cmTryCompileExec2760597363 -rdynamic  
Using built-in specs.
Target: i686-redhat-linux
Configured with: ../configure --prefix=/usr --mandir=/usr/share/man --infodir=/usr/share/info --with-bugurl=http://bugzilla.redhat.com/bugzilla --enable-bootstrap --enable-shared --enable-threads=posix --enable-checking=release --with-system-zlib --enable-__cxa_atexit --disable-libunwind-exceptions --enable-gnu-unique-object --enable-languages=c,c++,objc,obj-c++,java,fortran,ada --enable-java-awt=gtk --disable-dssi --with-java-home=/usr/lib/jvm/java-1.5.0-gcj-1.5.0.0/jre --enable-libgcj-multifile --enable-java-maintainer-mode --with-ecj-jar=/usr/share/java/eclipse-ecj.jar --disable-libjava-multilib --with-ppl --with-cloog --with-tune=generic --with-arch=i686 --build=i686-redhat-linux
Thread model: posix
gcc version 4.4.7 20120313 (Red Hat 4.4.7-16) (GCC) 
COMPILER_PATH=/usr/libexec/gcc/i686-redhat-linux/4.4.7/:/usr/libexec/gcc/i686-redhat-linux/4.4.7/:/usr/libexec/gcc/i686-redhat-linux/:/usr/lib/gcc/i686-redhat-linux/4.4.7/:/usr/lib/gcc/i686-redhat-linux/:/usr/libexec/gcc/i686-redhat-linux/4.4.7/:/usr/libexec/gcc/i686-redhat-linux/:/usr/lib/gcc/i686-redhat-linux/4.4.7/:/usr/lib/gcc/i686-redhat-linux/
LIBRARY_PATH=/usr/lib/gcc/i686-redhat-linux/4.4.7/:/usr/lib/gcc/i686-redhat-linux/4.4.7/:/usr/lib/gcc/i686-redhat-linux/4.4.7/../../../:/lib/:/usr/lib/
COLLECT_GCC_OPTIONS='-v' '-o' 'cmTryCompileExec2760597363' '-rdynamic' '-mtune=generic' '-march=i686'
 /usr/libexec/gcc/i686-redhat-linux/4.4.7/collect2 --eh-frame-hdr --build-id -m elf_i386 --hash-style=gnu -export-dynamic -dynamic-linker /lib/ld-linux.so.2 -o cmTryCompileExec2760597363 /usr/lib/gcc/i686-redhat-linux/4.4.7/../../../crt1.o /usr/lib/gcc/i686-redhat-linux/4.4.7/../../../crti.o /usr/lib/gcc/i686-redhat-linux/4.4.7/crtbegin.o -L/usr/lib/gcc/i686-redhat-linux/4.4.7 -L/usr/lib/gcc/i686-redhat-linux/4.4.7 -L/usr/lib/gcc/i686-redhat-linux/4.4.7/../../.. CMakeFiles/cmTryCompileExec2760597363.dir/CMakeCCompilerABI.c.o -lgcc --as-needed -lgcc_s --no-as-needed -lc -lgcc --as-needed -lgcc_s --no-as-needed /usr/lib/gcc/i686-redhat-linux/4.4.7/crtend.o /usr/lib/gcc/i686-redhat-linux/4.4.7/../../../crtn.o
gmake[2]: Leaving directory `/opt/demons/chatd/CMakeFiles/CMakeTmp'
gmake[1]: Leaving directory `/opt/demons/chatd/CMakeFiles/CMakeTmp'


Parsed C implicit link information from above output:
  link line regex: [^( *|.*[/\])(ld|([^/\]+-)?ld|collect2)[^/\]*( |$)]
  ignore line: [Change Dir: /opt/demons/chatd/CMakeFiles/CMakeTmp]
  ignore line: []
  ignore line: [Run Build Command:/usr/bin/gmake "cmTryCompileExec2760597363/fast"]
  ignore line: [gmake[1]: Entering directory `/opt/demons/chatd/CMakeFiles/CMakeTmp']
  ignore line: [/usr/bin/gmake -f CMakeFiles/cmTryCompileExec2760597363.dir/build.make CMakeFiles/cmTryCompileExec2760597363.dir/build]
  ignore line: [gmake[2]: Entering directory `/opt/demons/chatd/CMakeFiles/CMakeTmp']
  ignore line: [/usr/bin/cmake -E cmake_progress_report /opt/demons/chatd/CMakeFiles/CMakeTmp/CMakeFiles 1]
  ignore line: [Building C object CMakeFiles/cmTryCompileExec2760597363.dir/CMakeCCompilerABI.c.o]
  ignore line: [/usr/bin/gcc    -o CMakeFiles/cmTryCompileExec2760597363.dir/CMakeCCompilerABI.c.o   -c /usr/share/cmake/Modules/CMakeCCompilerABI.c]
  ignore line: [Linking C executable cmTryCompileExec2760597363]
  ignore line: [/usr/bin/cmake -E cmake_link_script CMakeFiles/cmTryCompileExec2760597363.dir/link.txt --verbose=1]
  ignore line: [/usr/bin/gcc      -v CMakeFiles/cmTryCompileExec2760597363.dir/CMakeCCompilerABI.c.o  -o cmTryCompileExec2760597363 -rdynamic  ]
  ignore line: [Using built-in specs.]
  ignore line: [Target: i686-redhat-linux]
  ignore line: [Configured with: ../configure --prefix=/usr --mandir=/usr/share/man --infodir=/usr/share/info --with-bugurl=http://bugzilla.redhat.com/bugzilla --enable-bootstrap --enable-shared --enable-threads=posix --enable-checking=release --with-system-zlib --enable-__cxa_atexit --disable-libunwind-exceptions --enable-gnu-unique-object --enable-languages=c,c++,objc,obj-c++,java,fortran,ada --enable-java-awt=gtk --disable-dssi --with-java-home=/usr/lib/jvm/java-1.5.0-gcj-1.5.0.0/jre --enable-libgcj-multifile --enable-java-maintainer-mode --with-ecj-jar=/usr/share/java/eclipse-ecj.jar --disable-libjava-multilib --with-ppl --with-cloog --with-tune=generic --with-arch=i686 --build=i686-redhat-linux]
  ignore line: [Thread model: posix]
  ignore line: [gcc version 4.4.7 20120313 (Red Hat 4.4.7-16) (GCC) ]
  ignore line: [COMPILER_PATH=/usr/libexec/gcc/i686-redhat-linux/4.4.7/:/usr/libexec/gcc/i686-redhat-linux/4.4.7/:/usr/libexec/gcc/i686-redhat-linux/:/usr/lib/gcc/i686-redhat-linux/4.4.7/:/usr/lib/gcc/i686-redhat-linux/:/usr/libexec/gcc/i686-redhat-linux/4.4.7/:/usr/libexec/gcc/i686-redhat-linux/:/usr/lib/gcc/i686-redhat-linux/4.4.7/:/usr/lib/gcc/i686-redhat-linux/]
  ignore line: [LIBRARY_PATH=/usr/lib/gcc/i686-redhat-linux/4.4.7/:/usr/lib/gcc/i686-redhat-linux/4.4.7/:/usr/lib/gcc/i686-redhat-linux/4.4.7/../../../:/lib/:/usr/lib/]
  ignore line: [COLLECT_GCC_OPTIONS='-v' '-o' 'cmTryCompileExec2760597363' '-rdynamic' '-mtune=generic' '-march=i686']
  link line: [ /usr/libexec/gcc/i686-redhat-linux/4.4.7/collect2 --eh-frame-hdr --build-id -m elf_i386 --hash-style=gnu -export-dynamic -dynamic-linker /lib/ld-linux.so.2 -o cmTryCompileExec2760597363 /usr/lib/gcc/i686-redhat-linux/4.4.7/../../../crt1.o /usr/lib/gcc/i686-redhat-linux/4.4.7/../../../crti.o /usr/lib/gcc/i686-redhat-linux/4.4.7/crtbegin.o -L/usr/lib/gcc/i686-redhat-linux/4.4.7 -L/usr/lib/gcc/i686-redhat-linux/4.4.7 -L/usr/lib/gcc/i686-redhat-linux/4.4.7/../../.. CMakeFiles/cmTryCompileExec2760597363.dir/CMakeCCompilerABI.c.o -lgcc --as-needed -lgcc_s --no-as-needed -lc -lgcc --as-needed -lgcc_s --no-as-needed /usr/lib/gcc/i686-redhat-linux/4.4.7/crtend.o /usr/lib/gcc/i686-redhat-linux/4.4.7/../../../crtn.o]
    arg [/usr/libexec/gcc/i686-redhat-linux/4.4.7/collect2] ==> ignore
    arg [--eh-frame-hdr] ==> ignore
    arg [--build-id] ==> ignore
    arg [-m] ==> ignore
    arg [elf_i386] ==> ignore
    arg [--hash-style=gnu] ==> ignore
    arg [-export-dynamic] ==> ignore
    arg [-dynamic-linker] ==> ignore
    arg [/lib/ld-linux.so.2] ==> ignore
    arg [-o] ==> ignore
    arg [cmTryCompileExec2760597363] ==> ignore
    arg [/usr/lib/gcc/i686-redhat-linux/4.4.7/../../../crt1.o] ==> ignore
    arg [/usr/lib/gcc/i686-redhat-linux/4.4.7/../../../crti.o] ==> ignore
    arg [/usr/lib/gcc/i686-redhat-linux/4.4.7/crtbegin.o] ==> ignore
    arg [-L/usr/lib/gcc/i686-redhat-linux/4.4.7] ==> dir [/usr/lib/gcc/i686-redhat-linux/4.4.7]
    arg [-L/usr/lib/gcc/i686-redhat-linux/4.4.7] ==> dir [/usr/lib/gcc/i686-redhat-linux/4.4.7]
    arg [-L/usr/lib/gcc/i686-redhat-linux/4.4.7/../../..] ==> dir [/usr/lib/gcc/i686-redhat-linux/4.4.7/../../..]
    arg [CMakeFiles/cmTryCompileExec2760597363.dir/CMakeCCompilerABI.c.o] ==> ignore
    arg [-lgcc] ==> lib [gcc]
    arg [--as-needed] ==> ignore
    arg [-lgcc_s] ==> lib [gcc_s]
    arg [--no-as-needed] ==> ignore
    arg [-lc] ==> lib [c]
    arg [-lgcc] ==> lib [gcc]
    arg [--as-needed] ==> ignore
    arg [-lgcc_s] ==> lib [gcc_s]
    arg [--no-as-needed] ==> ignore
    arg [/usr/lib/gcc/i686-redhat-linux/4.4.7/crtend.o] ==> ignore
    arg [/usr/lib/gcc/i686-redhat-linux/4.4.7/../../../crtn.o] ==> ignore
  remove lib [gcc]
  remove lib [gcc_s]
  remove lib [gcc]
  remove lib [gcc_s]
  collapse library dir [/usr/lib/gcc/i686-redhat-linux/4.4.7] ==> [/usr/lib/gcc/i686-redhat-linux/4.4.7]
  collapse library dir [/usr/lib/gcc/i686-redhat-linux/4.4.7] ==> [/usr/lib/gcc/i686-redhat-linux/4.4.7]
  collapse library dir [/usr/lib/gcc/i686-redhat-linux/4.4.7/../../..] ==> [/usr/lib]
  implicit libs: [c]
  implicit dirs: [/usr/lib/gcc/i686-redhat-linux/4.4.7;/usr/lib]
  implicit fwks: []


Detecting CXX compiler ABI info compiled with the following output:
Change Dir: /opt/demons/chatd/CMakeFiles/CMakeTmp

Run Build Command:/usr/bin/gmake "cmTryCompileExec684312500/fast"
gmake[1]: Entering directory `/opt/demons/chatd/CMakeFiles/CMakeTmp'
/usr/bin/gmake -f CMakeFiles/cmTryCompileExec684312500.dir/build.make CMakeFiles/cmTryCompileExec684312500.dir/build
gmake[2]: Entering directory `/opt/demons/chatd/CMakeFiles/CMakeTmp'
/usr/bin/cmake -E cmake_progress_report /opt/demons/chatd/CMakeFiles/CMakeTmp/CMakeFiles 1
Building CXX object CMakeFiles/cmTryCompileExec684312500.dir/CMakeCXXCompilerABI.cpp.o
/usr/bin/c++     -o CMakeFiles/cmTryCompileExec684312500.dir/CMakeCXXCompilerABI.cpp.o -c /usr/share/cmake/Modules/CMakeCXXCompilerABI.cpp
Linking CXX executable cmTryCompileExec684312500
/usr/bin/cmake -E cmake_link_script CMakeFiles/cmTryCompileExec684312500.dir/link.txt --verbose=1
/usr/bin/c++       -v CMakeFiles/cmTryCompileExec684312500.dir/CMakeCXXCompilerABI.cpp.o  -o cmTryCompileExec684312500 -rdynamic  
Using built-in specs.
Target: i686-redhat-linux
Configured with: ../configure --prefix=/usr --mandir=/usr/share/man --infodir=/usr/share/info --with-bugurl=http://bugzilla.redhat.com/bugzilla --enable-bootstrap --enable-shared --enable-threads=posix --enable-checking=release --with-system-zlib --enable-__cxa_atexit --disable-libunwind-exceptions --enable-gnu-unique-object --enable-languages=c,c++,objc,obj-c++,java,fortran,ada --enable-java-awt=gtk --disable-dssi --with-java-home=/usr/lib/jvm/java-1.5.0-gcj-1.5.0.0/jre --enable-libgcj-multifile --enable-java-maintainer-mode --with-ecj-jar=/usr/share/java/eclipse-ecj.jar --disable-libjava-multilib --with-ppl --with-cloog --with-tune=generic --with-arch=i686 --build=i686-redhat-linux
Thread model: posix
gcc version 4.4.7 20120313 (Red Hat 4.4.7-16) (GCC) 
COMPILER_PATH=/usr/libexec/gcc/i686-redhat-linux/4.4.7/:/usr/libexec/gcc/i686-redhat-linux/4.4.7/:/usr/libexec/gcc/i686-redhat-linux/:/usr/lib/gcc/i686-redhat-linux/4.4.7/:/usr/lib/gcc/i686-redhat-linux/:/usr/libexec/gcc/i686-redhat-linux/4.4.7/:/usr/libexec/gcc/i686-redhat-linux/:/usr/lib/gcc/i686-redhat-linux/4.4.7/:/usr/lib/gcc/i686-redhat-linux/
LIBRARY_PATH=/usr/lib/gcc/i686-redhat-linux/4.4.7/:/usr/lib/gcc/i686-redhat-linux/4.4.7/:/usr/lib/gcc/i686-redhat-linux/4.4.7/../../../:/lib/:/usr/lib/
COLLECT_GCC_OPTIONS='-v' '-o' 'cmTryCompileExec684312500' '-rdynamic' '-shared-libgcc' '-mtune=generic' '-march=i686'
 /usr/libexec/gcc/i686-redhat-linux/4.4.7/collect2 --eh-frame-hdr --build-id -m elf_i386 --hash-style=gnu -export-dynamic -dynamic-linker /lib/ld-linux.so.2 -o cmTryCompileExec684312500 /usr/lib/gcc/i686-redhat-linux/4.4.7/../../../crt1.o /usr/lib/gcc/i686-redhat-linux/4.4.7/../../../crti.o /usr/lib/gcc/i686-redhat-linux/4.4.7/crtbegin.o -L/usr/lib/gcc/i686-redhat-linux/4.4.7 -L/usr/lib/gcc/i686-redhat-linux/4.4.7 -L/usr/lib/gcc/i686-redhat-linux/4.4.7/../../.. CMakeFiles/cmTryCompileExec684312500.dir/CMakeCXXCompilerABI.cpp.o -lstdc++ -lm -lgcc_s -lgcc -lc -lgcc_s -lgcc /usr/lib/gcc/i686-redhat-linux/4.4.7/crtend.o /usr/lib/gcc/i686-redhat-linux/4.4.7/../../../crtn.o
gmake[2]: Leaving directory `/opt/demons/chatd/CMakeFiles/CMakeTmp'
gmake[1]: Leaving directory `/opt/demons/chatd/CMakeFiles/CMakeTmp'


Parsed CXX implicit link information from above output:
  link line regex: [^( *|.*[/\])(ld|([^/\]+-)?ld|collect2)[^/\]*( |$)]
  ignore line: [Change Dir: /opt/demons/chatd/CMakeFiles/CMakeTmp]
  ignore line: []
  ignore line: [Run Build Command:/usr/bin/gmake "cmTryCompileExec684312500/fast"]
  ignore line: [gmake[1]: Entering directory `/opt/demons/chatd/CMakeFiles/CMakeTmp']
  ignore line: [/usr/bin/gmake -f CMakeFiles/cmTryCompileExec684312500.dir/build.make CMakeFiles/cmTryCompileExec684312500.dir/build]
  ignore line: [gmake[2]: Entering directory `/opt/demons/chatd/CMakeFiles/CMakeTmp']
  ignore line: [/usr/bin/cmake -E cmake_progress_report /opt/demons/chatd/CMakeFiles/CMakeTmp/CMakeFiles 1]
  ignore line: [Building CXX object CMakeFiles/cmTryCompileExec684312500.dir/CMakeCXXCompilerABI.cpp.o]
  ignore line: [/usr/bin/c++     -o CMakeFiles/cmTryCompileExec684312500.dir/CMakeCXXCompilerABI.cpp.o -c /usr/share/cmake/Modules/CMakeCXXCompilerABI.cpp]
  ignore line: [Linking CXX executable cmTryCompileExec684312500]
  ignore line: [/usr/bin/cmake -E cmake_link_script CMakeFiles/cmTryCompileExec684312500.dir/link.txt --verbose=1]
  ignore line: [/usr/bin/c++       -v CMakeFiles/cmTryCompileExec684312500.dir/CMakeCXXCompilerABI.cpp.o  -o cmTryCompileExec684312500 -rdynamic  ]
  ignore line: [Using built-in specs.]
  ignore line: [Target: i686-redhat-linux]
  ignore line: [Configured with: ../configure --prefix=/usr --mandir=/usr/share/man --infodir=/usr/share/info --with-bugurl=http://bugzilla.redhat.com/bugzilla --enable-bootstrap --enable-shared --enable-threads=posix --enable-checking=release --with-system-zlib --enable-__cxa_atexit --disable-libunwind-exceptions --enable-gnu-unique-object --enable-languages=c,c++,objc,obj-c++,java,fortran,ada --enable-java-awt=gtk --disable-dssi --with-java-home=/usr/lib/jvm/java-1.5.0-gcj-1.5.0.0/jre --enable-libgcj-multifile --enable-java-maintainer-mode --with-ecj-jar=/usr/share/java/eclipse-ecj.jar --disable-libjava-multilib --with-ppl --with-cloog --with-tune=generic --with-arch=i686 --build=i686-redhat-linux]
  ignore line: [Thread model: posix]
  ignore line: [gcc version 4.4.7 20120313 (Red Hat 4.4.7-16) (GCC) ]
  ignore line: [COMPILER_PATH=/usr/libexec/gcc/i686-redhat-linux/4.4.7/:/usr/libexec/gcc/i686-redhat-linux/4.4.7/:/usr/libexec/gcc/i686-redhat-linux/:/usr/lib/gcc/i686-redhat-linux/4.4.7/:/usr/lib/gcc/i686-redhat-linux/:/usr/libexec/gcc/i686-redhat-linux/4.4.7/:/usr/libexec/gcc/i686-redhat-linux/:/usr/lib/gcc/i686-redhat-linux/4.4.7/:/usr/lib/gcc/i686-redhat-linux/]
  ignore line: [LIBRARY_PATH=/usr/lib/gcc/i686-redhat-linux/4.4.7/:/usr/lib/gcc/i686-redhat-linux/4.4.7/:/usr/lib/gcc/i686-redhat-linux/4.4.7/../../../:/lib/:/usr/lib/]
  ignore line: [COLLECT_GCC_OPTIONS='-v' '-o' 'cmTryCompileExec684312500' '-rdynamic' '-shared-libgcc' '-mtune=generic' '-march=i686']
  link line: [ /usr/libexec/gcc/i686-redhat-linux/4.4.7/collect2 --eh-frame-hdr --build-id -m elf_i386 --hash-style=gnu -export-dynamic -dynamic-linker /lib/ld-linux.so.2 -o cmTryCompileExec684312500 /usr/lib/gcc/i686-redhat-linux/4.4.7/../../../crt1.o /usr/lib/gcc/i686-redhat-linux/4.4.7/../../../crti.o /usr/lib/gcc/i686-redhat-linux/4.4.7/crtbegin.o -L/usr/lib/gcc/i686-redhat-linux/4.4.7 -L/usr/lib/gcc/i686-redhat-linux/4.4.7 -L/usr/lib/gcc/i686-redhat-linux/4.4.7/../../.. CMakeFiles/cmTryCompileExec684312500.dir/CMakeCXXCompilerABI.cpp.o -lstdc++ -lm -lgcc_s -lgcc -lc -lgcc_s -lgcc /usr/lib/gcc/i686-redhat-linux/4.4.7/crtend.o /usr/lib/gcc/i686-redhat-linux/4.4.7/../../../crtn.o]
    arg [/usr/libexec/gcc/i686-redhat-linux/4.4.7/collect2] ==> ignore
    arg [--eh-frame-hdr] ==> ignore
    arg [--build-id] ==> ignore
    arg [-m] ==> ignore
    arg [elf_i386] ==> ignore
    arg [--hash-style=gnu] ==> ignore
    arg [-export-dynamic] ==> ignore
    arg [-dynamic-linker] ==> ignore
    arg [/lib/ld-linux.so.2] ==> ignore
    arg [-o] ==> ignore
    arg [cmTryCompileExec684312500] ==> ignore
    arg [/usr/lib/gcc/i686-redhat-linux/4.4.7/../../../crt1.o] ==> ignore
    arg [/usr/lib/gcc/i686-redhat-linux/4.4.7/../../../crti.o] ==> ignore
    arg [/usr/lib/gcc/i686-redhat-linux/4.4.7/crtbegin.o] ==> ignore
    arg [-L/usr/lib/gcc/i686-redhat-linux/4.4.7] ==> dir [/usr/lib/gcc/i686-redhat-linux/4.4.7]
    arg [-L/usr/lib/gcc/i686-redhat-linux/4.4.7] ==> dir [/usr/lib/gcc/i686-redhat-linux/4.4.7]
    arg [-L/usr/lib/gcc/i686-redhat-linux/4.4.7/../../..] ==> dir [/usr/lib/gcc/i686-redhat-linux/4.4.7/../../..]
    arg [CMakeFiles/cmTryCompileExec684312500.dir/CMakeCXXCompilerABI.cpp.o] ==> ignore
    arg [-lstdc++] ==> lib [stdc++]
    arg [-lm] ==> lib [m]
    arg [-lgcc_s] ==> lib [gcc_s]
    arg [-lgcc] ==> lib [gcc]
    arg [-lc] ==> lib [c]
    arg [-lgcc_s] ==> lib [gcc_s]
    arg [-lgcc] ==> lib [gcc]
    arg [/usr/lib/gcc/i686-redhat-linux/4.4.7/crtend.o] ==> ignore
    arg [/usr/lib/gcc/i686-redhat-linux/4.4.7/../../../crtn.o] ==> ignore
  remove lib [gcc_s]
  remove lib [gcc]
  remove lib [gcc_s]
  remove lib [gcc]
  collapse library dir [/usr/lib/gcc/i686-redhat-linux/4.4.7] ==> [/usr/lib/gcc/i686-redhat-linux/4.4.7]
  collapse library dir [/usr/lib/gcc/i686-redhat-linux/4.4.7] ==> [/usr/lib/gcc/i686-redhat-linux/4.4.7]
  collapse library dir [/usr/lib/gcc/i686-redhat-linux/4.4.7/../../..] ==> [/usr/lib]
  implicit libs: [stdc++;m;c]
  implicit dirs: [/usr/lib/gcc/i686-redhat-linux/4.4.7;/usr/lib]
  implicit fwks: []


